 
                                    ALL-ZERO SIGNALS SUMMARY                                     
+-----------------------------------------------------------------------------------------------+
| Signal Type     | Column Index | Removed Signal                                               |
|-----------------+--------------+--------------------------------------------------------------|
| Normal          |      2       | Choke RC Snubber Capacitor Current                           |
| Normal          |      3       | Choke RC Snubber Resistance Current                          |
| Normal          |      4       | Choke RC Snubber Par Res Current                             |
| Normal          |      7       | Freewheeler Blocking Cap Current                             |
| Normal          |      8       | Freewheeler Resistor Current                                 |
| Normal          |      9       | Freewheeler Impedance Cap Current                            |
| Normal          |      13      | HV X-Caps 2 Current                                          |
| Normal          |      16      | Transformer Snubber Cap Current                              |
| Normal          |      17      | Transformer Snubber Res Current                              |
| Normal          |      18      | MOSFET RC Snubber Cap Current                                |
| Normal          |      19      | MOSFET RC Snubber Res Current                                |
| Normal          |      20      | HV Y-Caps Current                                            |
| Normal          |      21      | LV FullBridge Snubber Cap Current                            |
| Normal          |      22      | LV FullBridge Snubber Res Current                            |
| Normal          |      26      | Output Y-Cap Current                                         |
| Normal          |      31      | LV Filter Elko-Cap Current                                   |
| Normal          |      32      | LV Filter Y-Cap Current                                      |
| Normal          |      42      | Freewheeler Switch Current 1                                 |
| Normal          |      43      | Freewheeler Switch Current 2                                 |
| Normal          |      64      | DC Link Current                                              |
| Normal          |      65      | KL30 Current                                                 |
| Normal          |      67      | ENBN Battery Current                                         |
| Normal          |      73      | Load L_B Current                                             |
| Normal          |      74      | CTRL Current                                                 |
| Normal          |      75      | PECU Current                                                 |
| Normal          |      76      | Rbox Current                                                 |
| Normal          |      79      | Choke RC Snubber Capacitor Current RMS                       |
| Normal          |      80      | Choke RC Snubber Resistance Current RMS                      |
| Normal          |      81      | Choke RC Snubber Par Res Current RMS                         |
| Normal          |      84      | Freewheeler Blocking Cap Current RMS                         |
| Normal          |      85      | Freewheeler Resistor Current RMS                             |
| Normal          |      86      | Freewheeler Impedance Cap Current RMS                        |
| Normal          |      90      | HV X-Caps 2 Current RMS                                      |
| Normal          |      93      | Transformer Snubber Cap Current RMS                          |
| Normal          |      94      | Transformer Snubber Res Current RMS                          |
| Normal          |      95      | MOSFET RC Snubber Cap Current RMS                            |
| Normal          |      96      | MOSFET RC Snubber Res Current RMS                            |
| Normal          |      97      | HV Y-Caps Current RMS                                        |
| Normal          |      98      | LV FullBridge Snubber Cap Current RMS                        |
| Normal          |      99      | LV FullBridge Snubber Res Current RMS                        |
| Normal          |     103      | Output Y-Cap Current RMS                                     |
| Normal          |     108      | LV Filter Elko-Cap Current RMS                               |
| Normal          |     109      | LV Filter Y-Cap Current RMS                                  |
| Normal          |     119      | Freewheeler Switch Current 1 RMS                             |
| Normal          |     120      | Freewheeler Switch Current 2 RMS                             |
| Normal          |     141      | DC Link Current RMS                                          |
| Normal          |     142      | KL30 Current RMS                                             |
| Normal          |     144      | ENBN Battery Current RMS                                     |
| Normal          |     150      | Load L_B Current RMS                                         |
| Normal          |     151      | CTRL Current RMS                                             |
| Normal          |     152      | PECU Current RMS                                             |
| Normal          |     153      | Rbox Current RMS                                             |
| Normal          |     161      | Freewheeler Blocking Cap Current AVG                         |
| Normal          |     162      | Freewheeler Resistor Current AVG                             |
| Normal          |     163      | Freewheeler Impedance Cap Current AVG                        |
| Normal          |     167      | HV X-Caps 2 Current AVG                                      |
| Normal          |     170      | Transformer Snubber Cap Current AVG                          |
| Normal          |     171      | Transformer Snubber Res Current AVG                          |
| Normal          |     172      | MOSFET RC Snubber Cap Current AVG                            |
| Normal          |     173      | MOSFET RC Snubber Res Current AVG                            |
| Normal          |     174      | HV Y-Caps Current AVG                                        |
| Normal          |     175      | LV FullBridge Snubber Cap Current AVG                        |
| Normal          |     176      | LV FullBridge Snubber Res Current AVG                        |
| Normal          |     180      | Output Y-Cap Current AVG                                     |
| Normal          |     185      | LV Filter Elko-Cap Current AVG                               |
| Normal          |     186      | LV Filter Y-Cap Current AVG                                  |
| Normal          |     196      | Freewheeler Switch Current 1 AVG                             |
| Normal          |     197      | Freewheeler Switch Current 2 AVG                             |
| Normal          |     218      | DC Link Current AVG                                          |
| Normal          |     219      | KL30 Current AVG                                             |
| Normal          |     221      | ENBN Battery Current AVG                                     |
| Normal          |     227      | Load L_B Current AVG                                         |
| Normal          |     228      | CTRL Current AVG                                             |
| Normal          |     229      | PECU Current AVG                                             |
| Normal          |     230      | Rbox Current AVG                                             |
| Normal          |     231      | CT Trafo Primary Voltage                                     |
| Normal          |     232      | CT Trafo Secondary Voltage                                   |
| Normal          |     233      | Choke RC Snubber Voltage 1                                   |
| Normal          |     234      | Choke RC Snubber Voltage 2                                   |
| Normal          |     235      | Choke RC Snubber Voltage 3                                   |
| Normal          |     238      | Freewheeler Blocking Cap Voltage                             |
| Normal          |     239      | Freewheeler Resistor Voltage                                 |
| Normal          |     240      | Freewheeler Impedance Cap Voltage                            |
| Normal          |     247      | Transformer Snubber Voltage 1                                |
| Normal          |     248      | Transformer Snubber Voltage 2                                |
| Normal          |     249      | MOSFET RC Snubber Voltage 1                                  |
| Normal          |     250      | MOSFET RC Snubber Voltage 2                                  |
| Normal          |     251      | HV Y-Caps Voltage                                            |
| Normal          |     252      | LV FullBridge Snubber Voltage 1                              |
| Normal          |     253      | LV FullBridge Snubber Voltage 2                              |
| Normal          |     263      | LV Filter Y-Cap Voltage                                      |
| Normal          |     273      | Freewheeler Switch Voltage 1                                 |
| Normal          |     274      | Freewheeler Switch Voltage 2                                 |
| Normal          |     285      | Relay Voltage Main                                           |
| Normal          |     286      | Relay Voltage DCDC                                           |
| Normal          |     288      | KL30 Voltage                                                 |
| Normal          |     290      | ENBN Battery Voltage                                         |
| Normal          |     296      | Load L_B Voltage                                             |
| Normal          |     297      | CTRL Voltage                                                 |
| Normal          |     298      | PECU Voltage                                                 |
| Normal          |     299      | Rbox Voltage                                                 |
| Normal          |     300      | CT Trafo Primary Voltage RMS                                 |
| Normal          |     301      | CT Trafo Secondary Voltage RMS                               |
| Normal          |     302      | Choke RC Snubber Voltage 1 RMS                               |
| Normal          |     303      | Choke RC Snubber Voltage 2 RMS                               |
| Normal          |     304      | Choke RC Snubber Voltage 3 RMS                               |
| Normal          |     307      | Freewheeler Blocking Cap Voltage RMS                         |
| Normal          |     308      | Freewheeler Resistor Voltage RMS                             |
| Normal          |     309      | Freewheeler Impedance Cap Voltage RMS                        |
| Normal          |     316      | Transformer Snubber Voltage 1 RMS                            |
| Normal          |     317      | Transformer Snubber Voltage 2 RMS                            |
| Normal          |     318      | MOSFET RC Snubber Voltage 1 RMS                              |
| Normal          |     319      | MOSFET RC Snubber Voltage 2 RMS                              |
| Normal          |     320      | HV Y-Caps Voltage RMS                                        |
| Normal          |     321      | LV FullBridge Snubber Voltage 1 RMS                          |
| Normal          |     322      | LV FullBridge Snubber Voltage 2 RMS                          |
| Normal          |     332      | LV Filter Y-Cap Voltage RMS                                  |
| Normal          |     342      | Freewheeler Switch Voltage 1 RMS                             |
| Normal          |     343      | Freewheeler Switch Voltage 2 RMS                             |
| Normal          |     354      | Relay Voltage Main RMS                                       |
| Normal          |     355      | Relay Voltage DCDC RMS                                       |
| Normal          |     357      | KL30 Voltage RMS                                             |
| Normal          |     359      | ENBN Battery Voltage RMS                                     |
| Normal          |     365      | Load L_B Voltage RMS                                         |
| Normal          |     366      | CTRL Voltage RMS                                             |
| Normal          |     367      | PECU Voltage RMS                                             |
| Normal          |     368      | Rbox Voltage RMS                                             |
| Normal          |     369      | CT Trafo Primary Voltage AVG                                 |
| Normal          |     370      | CT Trafo Secondary Voltage AVG                               |
| Normal          |     371      | Choke RC Snubber Voltage 1 AVG                               |
| Normal          |     372      | Choke RC Snubber Voltage 2 AVG                               |
| Normal          |     373      | Choke RC Snubber Voltage 3 AVG                               |
| Normal          |     376      | Freewheeler Blocking Cap Voltage AVG                         |
| Normal          |     377      | Freewheeler Resistor Voltage AVG                             |
| Normal          |     378      | Freewheeler Impedance Cap Voltage AVG                        |
| Normal          |     385      | Transformer Snubber Voltage 1 AVG                            |
| Normal          |     386      | Transformer Snubber Voltage 2 AVG                            |
| Normal          |     387      | MOSFET RC Snubber Voltage 1 AVG                              |
| Normal          |     388      | MOSFET RC Snubber Voltage 2 AVG                              |
| Normal          |     389      | HV Y-Caps Voltage AVG                                        |
| Normal          |     390      | LV FullBridge Snubber Voltage 1 AVG                          |
| Normal          |     391      | LV FullBridge Snubber Voltage 2 AVG                          |
| Normal          |     401      | LV Filter Y-Cap Voltage AVG                                  |
| Normal          |     411      | Freewheeler Switch Voltage 1 AVG                             |
| Normal          |     412      | Freewheeler Switch Voltage 2 AVG                             |
| Normal          |     423      | Relay Voltage Main AVG                                       |
| Normal          |     424      | Relay Voltage DCDC AVG                                       |
| Normal          |     426      | KL30 Voltage AVG                                             |
| Normal          |     428      | ENBN Battery Voltage AVG                                     |
| Normal          |     434      | Load L_B Voltage AVG                                         |
| Normal          |     435      | CTRL Voltage AVG                                             |
| Normal          |     436      | PECU Voltage AVG                                             |
| Normal          |     437      | Rbox Voltage AVG                                             |
| Normal          |     438      | LL_HS_LS Dissipation 1                                       |
| Normal          |     439      | LL_HS_LS Dissipation 2                                       |
| Normal          |     440      | RL_HS_LS Dissipation 1                                       |
| Normal          |     441      | RL_HS_LS Dissipation 2                                       |
| Normal          |     442      | SR Dissipation 1                                             |
| Normal          |     443      | SR Dissipation 2                                             |
| Normal          |     444      | SC Switch Dissipation 1                                      |
| Normal          |     445      | SC Switch Dissipation 2                                      |
| Normal          |     446      | RCD Clamp Transistor Dissipation                             |
| Normal          |     447      | RCD Clamp Bodydiode Dissipation                              |
| Normal          |     448      | Transformer Rpri Copper Dissipation                          |
| Normal          |     449      | Transformer Rsec Copper Dissipation                          |
| Normal          |     450      | Transformer Core Dissipation                                 |
| Normal          |     451      | Freewheeler Switch Dissipation 1                             |
| Normal          |     452      | Freewheeler Switch Dissipation 2                             |
| Normal          |     453      | LL TL                                                        |
| Normal          |     454      | RL TL                                                        |
| Normal          |     455      | SR TL                                                        |
| Normal          |     456      | SC TL                                                        |
| Normal          |     457      | RCD_TL                                                       |
| Normal          |     458      | Trafo TL                                                     |
| Normal          |     459      | DC Choke Dissipation                                         |
| Normal          |     460      | IMS TL                                                       |
| Normal          |     461      | CT Sensor diode Dissipation                                  |
| Normal          |     462      | FRW_TL                                                       |
| Normal          |     465      | Choke RC Snubber Capacitor Dissipation                       |
| Normal          |     466      | Choke RC Snubber Resistance Dissipation                      |
| Normal          |     467      | Choke RC Snubber Rpar Dissipation                            |
| Normal          |     470      | Freewheeler Blocking Cap Dissipation                         |
| Normal          |     471      | Freewheeler Resistor Dissipation                             |
| Normal          |     472      | Freewheeler Impedance Cap Dissipation                        |
| Normal          |     476      | HV X-Caps 2 Dissipation                                      |
| Normal          |     479      | Transformer Snubber Cap Dissipation                          |
| Normal          |     480      | Transformer Snubber Res Dissipation                          |
| Normal          |     481      | MOSFET RC Snubber Cap Dissipation                            |
| Normal          |     482      | MOSFET RC Snubber Res Dissipation                            |
| Normal          |     483      | HV Y-Caps Dissipation                                        |
| Normal          |     484      | LV FullBridge Snubber Cap Dissipation                        |
| Normal          |     485      | LV FullBridge Snubber Res Dissipation                        |
| Normal          |     489      | Output Y-Cap Dissipation                                     |
| Normal          |     492      | LV Filter X-Cap 1 Dissipation                                |
| Normal          |     494      | LV Filter Elko-Cap Dissipation                               |
| Normal          |     495      | LV Filter Y-Cap Dissipation                                  |
| Normal          |     496      | LV Filter DMC Dissipation                                    |
| Normal          |     497      | LV Filter CMC Dissipation                                    |
| Normal          |     505      | Measured Load Voltage L_B                                    |
| Normal          |     506      | Measured Load Power L_B                                      |
| Normal          |     509      | Measured Load Current L_B                                    |
| Normal          |     515      | HV FB Right Leg Temperature                                  |
| Normal          |     516      | HV FB Left Leg Temperature                                   |
| Normal          |     517      | Rectifier Temperature                                        |
| Normal          |     518      | Short-Circuit Switch Temperature                             |
| Normal          |     519      | Active Clamp Switch Temperature                              |
| Normal          |     520      | Trafo Pri Winding Temperature                                |
| Normal          |     521      | Trafo Sec Winding Temperature                                |
| Normal          |     522      | Trafo Core Temperature                                       |
| Normal          |     523      | Shunt Temperature                                            |
| Normal          |     524      | Choke Winding Temperature                                    |
| Normal          |     525      | Choke Core Temperature                                       |
| Normal          |     526      | IMS Board Temperature                                        |
| Normal          |     527      | Water Temperature                                            |
| Normal          |     528      | HV FB Left Leg Rth                                           |
| Normal          |     529      | HV FB Right Leg Rth                                          |
| Normal          |     530      | Rectifier Rth                                                |
| Normal          |     531      | Short-Circuit Switch Rth                                     |
| Normal          |     532      | Active Clamp Switch Rth                                      |
| Normal          |     542      | PWM Modulator Carrier Waveforms 2                            |
| Normal          |     554      | PWM Modulator Auxiliary PWM Outputs Sfw                      |
| Normal          |     556      | PWM Modulator Auxiliary PWM Outputs Sdis                     |
| Normal          |     561      | Measured ADCs ADC Signals 1                                  |
| Normal          |     562      | Measured HW Protection Comparator Signals 1                  |
| Normal          |     567      | Measured HW Protection Comparator Signals 2                  |
| Normal          |     572      | Measured ADCs ADC Signals 3                                  |
| Normal          |     573      | Measured HW Protection Comparator Signals 3                  |
| Normal          |     579      | Measured ADCs ADC Signals 5                                  |
| Normal          |     601      | ADCs Charging Currents 1                                     |
| Normal          |     602      | ADCs Charging Currents 2                                     |
| Normal          |     603      | ADCs Charging Currents 3                                     |
| Normal          |     604      | ADCs Charging Currents 4                                     |
| Normal          |     605      | ADCs Charging Currents 5                                     |
| Normal          |     606      | ADCs Charging Currents 6                                     |
| Normal          |     607      | ADCs Charging Currents 7                                     |
| Normal          |     608      | ADCs Charging Currents 8                                     |
| Normal          |     609      | ADCs Charging Currents 9                                     |
| Normal          |     610      | ADCs Charging Currents 10                                    |
| Normal          |     611      | ADCs Sampling Triggers 1                                     |
| Normal          |     612      | ADCs Sampling Triggers 2                                     |
| Normal          |     613      | ADCs Sampling Triggers 3                                     |
| Normal          |     614      | ADCs Sampling Triggers 4                                     |
| Normal          |     615      | ADCs Sampling Triggers 5                                     |
| Normal          |     632      | Sample Trigger 1                                             |
| Normal          |     633      | Sample Trigger 2                                             |
| Normal          |     634      | Sample Trigger 3                                             |
| Normal          |     635      | Sample Trigger 4                                             |
| Normal          |     636      | Sample Trigger 5                                             |
| Normal          |     639      | SW Protection Measured Signals Io                            |
| Normal          |     641      | SW Protection Measured Signals Iin                           |
| Normal          |     646      | SW Protection Lower Thresholds Vo                            |
| Normal          |     650      | SW Protection Fault Counters Vo                              |
| Normal          |     651      | SW Protection Fault Counters Io                              |
| Normal          |     652      | SW Protection Fault Counters Vin                             |
| Normal          |     653      | SW Protection Fault Counters Iin                             |
| Normal          |     654      | SW Protection Fault Comparators VoH                          |
| Normal          |     655      | SW Protection Fault Comparators VoL                          |
| Normal          |     656      | SW Protection Fault Comparators IoH                          |
| Normal          |     657      | SW Protection Fault Comparators IoL                          |
| Normal          |     658      | SW Protection Fault Comparators VinH                         |
| Normal          |     659      | SW Protection Fault Comparators VinL                         |
| Normal          |     660      | SW Protection Fault Comparators IinH                         |
| Normal          |     661      | SW Protection Fault Comparators IinL                         |
| Normal          |     667      | HW Protection Output Voltage Ref                             |
| Normal          |     668      | HW Protection Output Voltage In                              |
| Normal          |     669      | HW Protection Output Voltage VH                              |
| Normal          |     670      | HW Protection Output Voltage VL                              |
| Normal          |     671      | HW Protection Positive Output Current Ref                    |
| Normal          |     672      | HW Protection Positive Output Current In                     |
| Normal          |     673      | HW Protection Positive Output Current VH                     |
| Normal          |     674      | HW Protection Positive Output Current VL                     |
| Normal          |     675      | HW Protection Negative Output Current Ref                    |
| Normal          |     676      | HW Protection Negative Output Current In                     |
| Normal          |     677      | HW Protection Negative Output Current VH                     |
| Normal          |     678      | HW Protection Negative Output Current VL                     |
| Normal          |     679      | HW Protection Input Voltage Ref                              |
| Normal          |     680      | HW Protection Input Voltage In                               |
| Normal          |     681      | HW Protection Input Voltage VH                               |
| Normal          |     682      | HW Protection Input Voltage VL                               |
| Normal          |     683      | HW Protection Output Voltage 3                               |
| Normal          |     684      | HW Protection Positive Output Current 3                      |
| Normal          |     685      | HW Protection Negative Output Current 3                      |
| Normal          |     686      | HW Protection Input Voltage 3                                |
| Normal          |     687      | HW Protection Latch State                                    |
| Normal          |     688      | HW Protection Reset State                                    |
| ---             |     ---      | ---                                                          |
| FFT             |      2       | Choke RC Snubber Capacitor Current FFT_FFT                   |
| FFT             |      3       | Choke RC Snubber Resistance Current FFT_FFT                  |
| FFT             |      4       | Choke RC Snubber Par Res Current FFT_FFT                     |
| FFT             |      7       | Freewheeler Blocking Cap Current FFT_FFT                     |
| FFT             |      8       | Freewheeler Resistor Current FFT_FFT                         |
| FFT             |      9       | Freewheeler Impedance Cap Current FFT_FFT                    |
| FFT             |      13      | HV X-Caps 2 Current FFT_FFT                                  |
| FFT             |      16      | Transformer Snubber Cap Current FFT_FFT                      |
| FFT             |      17      | Transformer Snubber Res Current FFT_FFT                      |
| FFT             |      18      | MOSFET RC Snubber Cap Current FFT_FFT                        |
| FFT             |      19      | MOSFET RC Snubber Res Current FFT_FFT                        |
| FFT             |      20      | HV Y-Caps Current FFT_FFT                                    |
| FFT             |      21      | LV FullBridge Snubber Cap Current FFT_FFT                    |
| FFT             |      22      | LV FullBridge Snubber Res Current FFT_FFT                    |
| FFT             |      26      | Output Y-Cap Current FFT_FFT                                 |
| FFT             |      31      | LV Filter Elko-Cap Current FFT_FFT                           |
| FFT             |      32      | LV Filter Y-Cap Current FFT_FFT                              |
| FFT             |      42      | Freewheeler Switch Current 1 FFT_FFT                         |
| FFT             |      43      | Freewheeler Switch Current 2 FFT_FFT                         |
| FFT             |      56      | DC Link Current FFT_FFT                                      |
| FFT             |      57      | KL30 Current FFT_FFT                                         |
| FFT             |      59      | ENBN Battery Current FFT_FFT                                 |
| FFT             |      65      | Load L_B Current FFT_FFT                                     |
| FFT             |      66      | CTRL Current FFT_FFT                                         |
| FFT             |      67      | PECU Current FFT_FFT                                         |
| FFT             |      68      | Rbox Current FFT_FFT                                         |
| FFT             |      69      | CT Trafo Primary Voltage FFT_FFT                             |
| FFT             |      70      | CT Trafo Secondary Voltage FFT_FFT                           |
| FFT             |      71      | Choke RC Snubber Voltage 1 FFT_FFT                           |
| FFT             |      72      | Choke RC Snubber Voltage 2 FFT_FFT                           |
| FFT             |      73      | Choke RC Snubber Voltage 3 FFT_FFT                           |
| FFT             |      76      | Freewheeler Blocking Cap Voltage FFT_FFT                     |
| FFT             |      77      | Freewheeler Resistor Voltage FFT_FFT                         |
| FFT             |      78      | Freewheeler Impedance Cap Voltage FFT_FFT                    |
| FFT             |      85      | Transformer Snubber Voltage 1 FFT_FFT                        |
| FFT             |      86      | Transformer Snubber Voltage 2 FFT_FFT                        |
| FFT             |      87      | MOSFET RC Snubber Voltage 1 FFT_FFT                          |
| FFT             |      88      | MOSFET RC Snubber Voltage 2 FFT_FFT                          |
| FFT             |      89      | HV Y-Caps Voltage FFT_FFT                                    |
| FFT             |      90      | LV FullBridge Snubber Voltage 1 FFT_FFT                      |
| FFT             |      91      | LV FullBridge Snubber Voltage 2 FFT_FFT                      |
| FFT             |     101      | LV Filter Y-Cap Voltage FFT_FFT                              |
| FFT             |     111      | Freewheeler Switch Voltage 1 FFT_FFT                         |
| FFT             |     112      | Freewheeler Switch Voltage 2 FFT_FFT                         |
| FFT             |     123      | Relay Voltage Main FFT_FFT                                   |
| FFT             |     124      | Relay Voltage DCDC FFT_FFT                                   |
| FFT             |     126      | KL30 Voltage FFT_FFT                                         |
| FFT             |     128      | ENBN Battery Voltage FFT_FFT                                 |
| FFT             |     134      | Load L_B Voltage FFT_FFT                                     |
| FFT             |     135      | CTRL Voltage FFT_FFT                                         |
| FFT             |     136      | PECU Voltage FFT_FFT                                         |
| FFT             |     137      | Rbox Voltage FFT_FFT                                         |
+-----------------------------------------------------------------------------------------------+

